The following values were not passed to `accelerate launch` and had defaults used instead:
		More than one GPU was found, enabling multi-GPU training.
		If this was unintended please pass in `--num_processes=1`.
	`--num_machines` was set to a value of `1`
	`--mixed_precision` was set to a value of `'no'`
	`--dynamo_backend` was set to a value of `'no'`
To avoid this warning pass in values for each of the problematic parameters or run `accelerate config`.
[rank0]: Traceback (most recent call last):
[rank0]:   File "/valhalla/projects/bg-eng-01/LoreaEnc/SqueezeFormer/train.py", line 640, in <module>
[rank0]:     main()
[rank0]:   File "/valhalla/projects/bg-eng-01/LoreaEnc/SqueezeFormer/train.py", line 387, in main
[rank0]:     full_train = LibriSpeechDataset(
[rank0]:                  ^^^^^^^^^^^^^^^^^^^
[rank0]:   File "/valhalla/projects/bg-eng-01/LoreaEnc/SqueezeFormer/../dataset/dataset.py", line 115, in __init__
[rank0]:     for speaker in sorted(os.listdir(path_to_split)):
[rank0]:                           ^^^^^^^^^^^^^^^^^^^^^^^^^
[rank0]: FileNotFoundError: [Errno 2] No such file or directory: './dataset/train-clean-100'
[rank1]: Traceback (most recent call last):
[rank1]:   File "/valhalla/projects/bg-eng-01/LoreaEnc/SqueezeFormer/train.py", line 640, in <module>
[rank1]:     main()
[rank1]:   File "/valhalla/projects/bg-eng-01/LoreaEnc/SqueezeFormer/train.py", line 387, in main
[rank1]:     full_train = LibriSpeechDataset(
[rank1]:                  ^^^^^^^^^^^^^^^^^^^
[rank1]:   File "/valhalla/projects/bg-eng-01/LoreaEnc/SqueezeFormer/../dataset/dataset.py", line 115, in __init__
[rank1]:     for speaker in sorted(os.listdir(path_to_split)):
[rank1]:                           ^^^^^^^^^^^^^^^^^^^^^^^^^
[rank1]: FileNotFoundError: [Errno 2] No such file or directory: './dataset/train-clean-100'
[rank0]:[W507 15:40:44.615398830 ProcessGroupNCCL.cpp:1538] Warning: WARNING: destroy_process_group() was not called before program exit, which can leak resources. For more info, please see https://pytorch.org/docs/stable/distributed.html#shutdown (function operator())
W0507 15:40:44.842000 2168143 site-packages/torch/distributed/elastic/multiprocessing/api.py:900] Sending process 2171062 closing signal SIGTERM
E0507 15:40:44.874000 2168143 site-packages/torch/distributed/elastic/multiprocessing/api.py:874] failed (exitcode: 1) local_rank: 1 (pid: 2171063) of binary: /valhalla/projects/bg-eng-01/conda_envs/torch/bin/python3.11
Traceback (most recent call last):
  File "/valhalla/projects/bg-eng-01/conda_envs/torch/bin/accelerate", line 10, in <module>
    sys.exit(main())
             ^^^^^^
  File "/valhalla/projects/bg-eng-01/conda_envs/torch/lib/python3.11/site-packages/accelerate/commands/accelerate_cli.py", line 50, in main
    args.func(args)
  File "/valhalla/projects/bg-eng-01/conda_envs/torch/lib/python3.11/site-packages/accelerate/commands/launch.py", line 1396, in launch_command
    multi_gpu_launcher(args)
  File "/valhalla/projects/bg-eng-01/conda_envs/torch/lib/python3.11/site-packages/accelerate/commands/launch.py", line 1023, in multi_gpu_launcher
    distrib_run.run(args)
  File "/valhalla/projects/bg-eng-01/conda_envs/torch/lib/python3.11/site-packages/torch/distributed/run.py", line 892, in run
    elastic_launch(
  File "/valhalla/projects/bg-eng-01/conda_envs/torch/lib/python3.11/site-packages/torch/distributed/launcher/api.py", line 143, in __call__
    return launch_agent(self._config, self._entrypoint, list(args))
           ^^^^^^^^^^^^^^^^^^^^^^^^^^^^^^^^^^^^^^^^^^^^^^^^^^^^^^^^
  File "/valhalla/projects/bg-eng-01/conda_envs/torch/lib/python3.11/site-packages/torch/distributed/launcher/api.py", line 277, in launch_agent
    raise ChildFailedError(
torch.distributed.elastic.multiprocessing.errors.ChildFailedError: 
============================================================
SqueezeFormer/train.py FAILED
------------------------------------------------------------
Failures:
  <NO_OTHER_FAILURES>
------------------------------------------------------------
Root Cause (first observed failure):
[0]:
  time      : 2026-05-07_15:40:44
  host      : dgx1.plus.discoverer.bg
  rank      : 1 (local_rank: 1)
  exitcode  : 1 (pid: 2171063)
  error_file: <N/A>
  traceback : To enable traceback see: https://pytorch.org/docs/stable/elastic/errors.html
============================================================
