The following values were not passed to `accelerate launch` and had defaults used instead:
		More than one GPU was found, enabling multi-GPU training.
		If this was unintended please pass in `--num_processes=1`.
	`--num_machines` was set to a value of `1`
	`--mixed_precision` was set to a value of `'no'`
	`--dynamo_backend` was set to a value of `'no'`
To avoid this warning pass in values for each of the problematic parameters or run `accelerate config`.
[default1]:[rank1]: Traceback (most recent call last):
[default1]:[rank1]:   File "/valhalla/projects/bg-eng-01/LoreaEnc/SqueezeFormer/train.py", line 646, in <module>
[default1]:[rank1]:     record(main)()
[default1]:[rank1]:   File "/valhalla/projects/bg-eng-01/conda_envs/torch/lib/python3.11/site-packages/torch/distributed/elastic/multiprocessing/errors/__init__.py", line 357, in wrapper
[default1]:[rank1]:     return f(*args, **kwargs)
[default1]:[rank1]:            ^^^^^^^^^^^^^^^^^^
[default1]:[rank1]:   File "/valhalla/projects/bg-eng-01/LoreaEnc/SqueezeFormer/train.py", line 393, in main
[default1]:[rank1]:     full_train = LibriSpeechDataset(
[default1]:[rank1]:                  ^^^^^^^^^^^^^^^^^^^
[default1]:[rank1]:   File "/valhalla/projects/bg-eng-01/LoreaEnc/SqueezeFormer/../dataset/dataset.py", line 115, in __init__
[default1]:[rank1]:     for speaker in sorted(os.listdir(path_to_split)):
[default1]:[rank1]:                           ^^^^^^^^^^^^^^^^^^^^^^^^^
[default1]:[rank1]: FileNotFoundError: [Errno 2] No such file or directory: './dataset/train-clean-100'
[default0]:[rank0]: Traceback (most recent call last):
[default0]:[rank0]:   File "/valhalla/projects/bg-eng-01/LoreaEnc/SqueezeFormer/train.py", line 646, in <module>
[default0]:[rank0]:     record(main)()
[default0]:[rank0]:   File "/valhalla/projects/bg-eng-01/conda_envs/torch/lib/python3.11/site-packages/torch/distributed/elastic/multiprocessing/errors/__init__.py", line 357, in wrapper
[default0]:[rank0]:     return f(*args, **kwargs)
[default0]:[rank0]:            ^^^^^^^^^^^^^^^^^^
[default0]:[rank0]:   File "/valhalla/projects/bg-eng-01/LoreaEnc/SqueezeFormer/train.py", line 393, in main
[default0]:[rank0]:     full_train = LibriSpeechDataset(
[default0]:[rank0]:                  ^^^^^^^^^^^^^^^^^^^
[default0]:[rank0]:   File "/valhalla/projects/bg-eng-01/LoreaEnc/SqueezeFormer/../dataset/dataset.py", line 115, in __init__
[default0]:[rank0]:     for speaker in sorted(os.listdir(path_to_split)):
[default0]:[rank0]:                           ^^^^^^^^^^^^^^^^^^^^^^^^^
[default0]:[rank0]: FileNotFoundError: [Errno 2] No such file or directory: './dataset/train-clean-100'
[default0]:[rank0]:[W507 15:49:04.397784167 ProcessGroupNCCL.cpp:1538] Warning: WARNING: destroy_process_group() was not called before program exit, which can leak resources. For more info, please see https://pytorch.org/docs/stable/distributed.html#shutdown (function operator())
E0507 15:49:06.005000 2268444 site-packages/torch/distributed/elastic/multiprocessing/api.py:874] failed (exitcode: 1) local_rank: 0 (pid: 2269471) of binary: /valhalla/projects/bg-eng-01/conda_envs/torch/bin/python3.11
Traceback (most recent call last):
  File "/valhalla/projects/bg-eng-01/conda_envs/torch/bin/accelerate", line 10, in <module>
    sys.exit(main())
             ^^^^^^
  File "/valhalla/projects/bg-eng-01/conda_envs/torch/lib/python3.11/site-packages/accelerate/commands/accelerate_cli.py", line 50, in main
    args.func(args)
  File "/valhalla/projects/bg-eng-01/conda_envs/torch/lib/python3.11/site-packages/accelerate/commands/launch.py", line 1396, in launch_command
    multi_gpu_launcher(args)
  File "/valhalla/projects/bg-eng-01/conda_envs/torch/lib/python3.11/site-packages/accelerate/commands/launch.py", line 1023, in multi_gpu_launcher
    distrib_run.run(args)
  File "/valhalla/projects/bg-eng-01/conda_envs/torch/lib/python3.11/site-packages/torch/distributed/run.py", line 892, in run
    elastic_launch(
  File "/valhalla/projects/bg-eng-01/conda_envs/torch/lib/python3.11/site-packages/torch/distributed/launcher/api.py", line 143, in __call__
    return launch_agent(self._config, self._entrypoint, list(args))
           ^^^^^^^^^^^^^^^^^^^^^^^^^^^^^^^^^^^^^^^^^^^^^^^^^^^^^^^^
  File "/valhalla/projects/bg-eng-01/conda_envs/torch/lib/python3.11/site-packages/torch/distributed/launcher/api.py", line 277, in launch_agent
    raise ChildFailedError(
torch.distributed.elastic.multiprocessing.errors.ChildFailedError: 
============================================================
SqueezeFormer/train.py FAILED
------------------------------------------------------------
Failures:
[1]:
  time      : 2026-05-07_15:49:04
  host      : dgx1.plus.discoverer.bg
  rank      : 1 (local_rank: 1)
  exitcode  : 1 (pid: 2269472)
  error_file: logs/accelerate_11319/none_gabcuv26/attempt_0/1/error.json
  traceback : Traceback (most recent call last):
    File "/valhalla/projects/bg-eng-01/conda_envs/torch/lib/python3.11/site-packages/torch/distributed/elastic/multiprocessing/errors/__init__.py", line 357, in wrapper
      return f(*args, **kwargs)
             ^^^^^^^^^^^^^^^^^^
    File "/valhalla/projects/bg-eng-01/LoreaEnc/SqueezeFormer/train.py", line 393, in main
      full_train = LibriSpeechDataset(
                   ^^^^^^^^^^^^^^^^^^^
    File "/valhalla/projects/bg-eng-01/LoreaEnc/SqueezeFormer/../dataset/dataset.py", line 115, in __init__
      for speaker in sorted(os.listdir(path_to_split)):
                            ^^^^^^^^^^^^^^^^^^^^^^^^^
  FileNotFoundError: [Errno 2] No such file or directory: './dataset/train-clean-100'
  
------------------------------------------------------------
Root Cause (first observed failure):
[0]:
  time      : 2026-05-07_15:49:04
  host      : dgx1.plus.discoverer.bg
  rank      : 0 (local_rank: 0)
  exitcode  : 1 (pid: 2269471)
  error_file: logs/accelerate_11319/none_gabcuv26/attempt_0/0/error.json
  traceback : Traceback (most recent call last):
    File "/valhalla/projects/bg-eng-01/conda_envs/torch/lib/python3.11/site-packages/torch/distributed/elastic/multiprocessing/errors/__init__.py", line 357, in wrapper
      return f(*args, **kwargs)
             ^^^^^^^^^^^^^^^^^^
    File "/valhalla/projects/bg-eng-01/LoreaEnc/SqueezeFormer/train.py", line 393, in main
      full_train = LibriSpeechDataset(
                   ^^^^^^^^^^^^^^^^^^^
    File "/valhalla/projects/bg-eng-01/LoreaEnc/SqueezeFormer/../dataset/dataset.py", line 115, in __init__
      for speaker in sorted(os.listdir(path_to_split)):
                            ^^^^^^^^^^^^^^^^^^^^^^^^^
  FileNotFoundError: [Errno 2] No such file or directory: './dataset/train-clean-100'
  
============================================================
