Job 11470 starting at Sat May  9 12:21:48 PM UTC 2026
Project: /valhalla/projects/bg-eng-01/LoreaEnc
Python: /valhalla/projects/bg-eng-01/conda_envs/torch/bin/python
Torchrun: /valhalla/projects/bg-eng-01/conda_envs/torch/bin/torchrun
GPUs on node: 2
Master: 127.0.0.1:23470
PyTorch: 2.8.0
CUDA available: True
CUDA devices: 2
Vocab size: 128 | CTC blank: 0
Using full dataset: 281241 utterances
Validation: dev-other | 2864 utterances
SqueezeFormer-XS | 9.0M params | 2 GPU(s) | run: squeezeformer_xs_150ep_scratch
LR: extended Noam | peak=0.002 | warmup=20 ep | hold=160 ep | decay=1 | train=150 ep
Batching: per_gpu_micro=128 | grad_accum=2 | effective_global=512 | optimizer_steps/epoch=549
torch.compile: skipped
NCCL version 2.28.9+cuda12.9
[train] epoch=1 batch=2/1098 loss=13.7888 grad=18.32 lr=1.821e-07
[train] epoch=1 batch=4/1098 loss=13.7659 grad=18.44 lr=3.643e-07
[train] epoch=1 batch=50/1098 loss=11.6655 grad=48.06 lr=4.554e-06
[train] epoch=1 batch=100/1098 loss=6.0750 grad=16.88 lr=9.107e-06
[train] epoch=1 batch=150/1098 loss=4.8943 grad=1.24 lr=1.366e-05
[train] epoch=1 batch=200/1098 loss=4.7824 grad=1.27 lr=1.821e-05
[train] epoch=1 batch=250/1098 loss=4.7379 grad=0.96 lr=2.277e-05
